[debug] [2025-10-09T17:10:11.909Z] ----------------------------------------------------------------------
[debug] [2025-10-09T17:10:11.911Z] Command:       /home/cyprian/.nvm/versions/node/v24.4.1/bin/node /home/cyprian/.npm/_npx/7750544ccf494d8b/node_modules/.bin/firebase deploy --only hosting
[debug] [2025-10-09T17:10:11.911Z] CLI Version:   14.19.1
[debug] [2025-10-09T17:10:11.911Z] Platform:      linux
[debug] [2025-10-09T17:10:11.912Z] Node Version:  v24.4.1
[debug] [2025-10-09T17:10:11.912Z] Time:          Thu Oct 09 2025 20:10:11 GMT+0300 (East Africa Time)
[debug] [2025-10-09T17:10:11.912Z] ----------------------------------------------------------------------
[debug] 
[debug] [2025-10-09T17:10:12.124Z] > command requires scopes: ["email","openid","https://www.googleapis.com/auth/cloudplatformprojects.readonly","https://www.googleapis.com/auth/firebase","https://www.googleapis.com/auth/cloud-platform"]
[debug] [2025-10-09T17:10:12.125Z] > authorizing via signed-in user (cypriankibet46@gmail.com)
[debug] [2025-10-09T17:10:12.125Z] [iam] checking project mbiufun-18714 for permissions ["firebase.projects.get","firebasehosting.sites.update"]
[debug] [2025-10-09T17:10:12.126Z] Checked if tokens are valid: true, expires at: 1760033086795
[debug] [2025-10-09T17:10:12.126Z] Checked if tokens are valid: true, expires at: 1760033086795
[debug] [2025-10-09T17:10:12.127Z] >>> [apiv2][query] POST https://cloudresourcemanager.googleapis.com/v1/projects/mbiufun-18714:testIamPermissions [none]
[debug] [2025-10-09T17:10:12.127Z] >>> [apiv2][(partial)header] POST https://cloudresourcemanager.googleapis.com/v1/projects/mbiufun-18714:testIamPermissions x-goog-quota-user=projects/mbiufun-18714
[debug] [2025-10-09T17:10:12.127Z] >>> [apiv2][body] POST https://cloudresourcemanager.googleapis.com/v1/projects/mbiufun-18714:testIamPermissions {"permissions":["firebase.projects.get","firebasehosting.sites.update"]}
[debug] [2025-10-09T17:10:13.708Z] <<< [apiv2][status] POST https://cloudresourcemanager.googleapis.com/v1/projects/mbiufun-18714:testIamPermissions 200
[debug] [2025-10-09T17:10:13.709Z] <<< [apiv2][body] POST https://cloudresourcemanager.googleapis.com/v1/projects/mbiufun-18714:testIamPermissions {}
[debug] [2025-10-09T17:10:13.709Z] [iam] error while checking permissions, command may fail: Authorization failed. This account is missing the following required permissions on project mbiufun-18714:

  firebase.projects.get
  firebasehosting.sites.update
[debug] [2025-10-09T17:10:13.710Z] Checked if tokens are valid: true, expires at: 1760033086795
[debug] [2025-10-09T17:10:13.710Z] Checked if tokens are valid: true, expires at: 1760033086795
[debug] [2025-10-09T17:10:13.710Z] >>> [apiv2][query] GET https://firebase.googleapis.com/v1beta1/projects/mbiufun-18714 [none]
[debug] [2025-10-09T17:10:14.337Z] <<< [apiv2][status] GET https://firebase.googleapis.com/v1beta1/projects/mbiufun-18714 403
[debug] [2025-10-09T17:10:14.338Z] <<< [apiv2][body] GET https://firebase.googleapis.com/v1beta1/projects/mbiufun-18714 {"error":{"code":403,"message":"The caller does not have permission","status":"PERMISSION_DENIED"}}
[debug] [2025-10-09T17:10:14.340Z] Request to https://firebase.googleapis.com/v1beta1/projects/mbiufun-18714 had HTTP Error: 403, The caller does not have permission
[debug] [2025-10-09T17:10:14.712Z] FirebaseError: Request to https://firebase.googleapis.com/v1beta1/projects/mbiufun-18714 had HTTP Error: 403, The caller does not have permission
    at responseToError (/home/cyprian/.npm/_npx/7750544ccf494d8b/node_modules/firebase-tools/lib/responseToError.js:52:12)
    at RetryOperation._fn (/home/cyprian/.npm/_npx/7750544ccf494d8b/node_modules/firebase-tools/lib/apiv2.js:312:77)
    at process.processTicksAndRejections (node:internal/process/task_queues:105:5)
[error] 
[error] Error: Failed to get Firebase project mbiufun-18714. Please make sure the project exists and your account has permission to access it.
